# JRE version: Java(TM) SE Runtime Environment (8.0_141-b15) (build 1.8.0_141-b15)
# Java VM: Java HotSpot(TM) 64-Bit Server VM (25.141-b15 mixed mode windows-amd64 compressed oops)
Heap:
 PSYoungGen      total 130560K, used 100338K [0x0000000780900000, 0x000000078ac80000, 0x00000007c0000000)
  eden space 121856K, 82% used [0x0000000780900000,0x0000000786afc878,0x0000000788000000)
  from space 8704K, 0% used [0x0000000788980000,0x0000000788980000,0x0000000789200000)
  to   space 9728K, 0% used [0x0000000788000000,0x0000000788000000,0x0000000788980000)
 ParOldGen       total 118272K, used 14213K [0x0000000701a00000, 0x0000000708d80000, 0x0000000780900000)
  object space 118272K, 12% used [0x0000000701a00000,0x00000007027e1518,0x0000000708d80000)
 Metaspace       used 41141K, capacity 43486K, committed 43648K, reserved 1087488K
  class space    used 5468K, capacity 5907K, committed 6016K, reserved 1048576K
GC Heap History (10 events):
Event: 2.822 GC heap before
{Heap before GC invocations=4 (full 1):
 PSYoungGen      total 57344K, used 6631K [0x0000000780900000, 0x0000000787900000, 0x00000007c0000000)
  eden space 49152K, 0% used [0x0000000780900000,0x0000000780900000,0x0000000783900000)
  from space 8192K, 80% used [0x0000000783900000,0x0000000783f79d68,0x0000000784100000)
  to   space 8192K, 0% used [0x0000000787100000,0x0000000787100000,0x0000000787900000)
 ParOldGen       total 131072K, used 426K [0x0000000701a00000, 0x0000000709a00000, 0x0000000780900000)
  object space 131072K, 0% used [0x0000000701a00000,0x0000000701a6ab08,0x0000000709a00000)
 Metaspace       used 19935K, capacity 21160K, committed 21296K, reserved 1067008K
  class space    used 2675K, capacity 2920K, committed 2944K, reserved 1048576K
Event: 2.876 GC heap after
Heap after GC invocations=4 (full 1):
 PSYoungGen      total 57344K, used 0K [0x0000000780900000, 0x0000000787900000, 0x00000007c0000000)
  eden space 49152K, 0% used [0x0000000780900000,0x0000000780900000,0x0000000783900000)
  from space 8192K, 0% used [0x0000000783900000,0x0000000783900000,0x0000000784100000)
  to   space 8192K, 0% used [0x0000000787100000,0x0000000787100000,0x0000000787900000)
 ParOldGen       total 75776K, used 6578K [0x0000000701a00000, 0x0000000706400000, 0x0000000780900000)
  object space 75776K, 8% used [0x0000000701a00000,0x000000070206c810,0x0000000706400000)
 Metaspace       used 19935K, capacity 21160K, committed 21296K, reserved 1067008K
  class space    used 2675K, capacity 2920K, committed 2944K, reserved 1048576K
}
Event: 3.449 GC heap before
{Heap before GC invocations=5 (full 1):
 PSYoungGen      total 57344K, used 49152K [0x0000000780900000, 0x0000000787900000, 0x00000007c0000000)
  eden space 49152K, 100% used [0x0000000780900000,0x0000000783900000,0x0000000783900000)
  from space 8192K, 0% used [0x0000000783900000,0x0000000783900000,0x0000000784100000)
  to   space 8192K, 0% used [0x0000000787100000,0x0000000787100000,0x0000000787900000)
 ParOldGen       total 75776K, used 6578K [0x0000000701a00000, 0x0000000706400000, 0x0000000780900000)
  object space 75776K, 8% used [0x0000000701a00000,0x000000070206c810,0x0000000706400000)
 Metaspace       used 25474K, capacity 26876K, committed 27008K, reserved 1073152K
  class space    used 3391K, capacity 3692K, committed 3712K, reserved 1048576K
Event: 3.463 GC heap after
Heap after GC invocations=5 (full 1):
 PSYoungGen      total 85504K, used 6545K [0x0000000780900000, 0x0000000787780000, 0x00000007c0000000)
  eden space 78848K, 0% used [0x0000000780900000,0x0000000780900000,0x0000000785600000)
  from space 6656K, 98% used [0x0000000787100000,0x00000007877647e0,0x0000000787780000)
  to   space 8192K, 0% used [0x0000000786780000,0x0000000786780000,0x0000000786f80000)
 ParOldGen       total 75776K, used 6578K [0x0000000701a00000, 0x0000000706400000, 0x0000000780900000)
  object space 75776K, 8% used [0x0000000701a00000,0x000000070206c810,0x0000000706400000)
 Metaspace       used 25474K, capacity 26876K, committed 27008K, reserved 1073152K
  class space    used 3391K, capacity 3692K, committed 3712K, reserved 1048576K
}
Event: 4.675 GC heap before
{Heap before GC invocations=6 (full 1):
 PSYoungGen      total 85504K, used 85393K [0x0000000780900000, 0x0000000787780000, 0x00000007c0000000)
  eden space 78848K, 100% used [0x0000000780900000,0x0000000785600000,0x0000000785600000)
  from space 6656K, 98% used [0x0000000787100000,0x00000007877647e0,0x0000000787780000)
  to   space 8192K, 0% used [0x0000000786780000,0x0000000786780000,0x0000000786f80000)
 ParOldGen       total 75776K, used 6578K [0x0000000701a00000, 0x0000000706400000, 0x0000000780900000)
  object space 75776K, 8% used [0x0000000701a00000,0x000000070206c810,0x0000000706400000)
 Metaspace       used 28921K, capacity 30546K, committed 30848K, reserved 1075200K
  class space    used 3836K, capacity 4169K, committed 4224K, reserved 1048576K
Event: 4.687 GC heap after
Heap after GC invocations=6 (full 1):
 PSYoungGen      total 104960K, used 6903K [0x0000000780900000, 0x0000000789200000, 0x00000007c0000000)
  eden space 96768K, 0% used [0x0000000780900000,0x0000000780900000,0x0000000786780000)
  from space 8192K, 84% used [0x0000000786780000,0x0000000786e3df30,0x0000000786f80000)
  to   space 8704K, 0% used [0x0000000788980000,0x0000000788980000,0x0000000789200000)
 ParOldGen       total 75776K, used 6578K [0x0000000701a00000, 0x0000000706400000, 0x0000000780900000)
  object space 75776K, 8% used [0x0000000701a00000,0x000000070206c810,0x0000000706400000)
 Metaspace       used 28921K, capacity 30546K, committed 30848K, reserved 1075200K
  class space    used 3836K, capacity 4169K, committed 4224K, reserved 1048576K
}
Event: 6.152 GC heap before
{Heap before GC invocations=7 (full 1):
 PSYoungGen      total 104960K, used 95512K [0x0000000780900000, 0x0000000789200000, 0x00000007c0000000)
  eden space 96768K, 91% used [0x0000000780900000,0x0000000785f882d8,0x0000000786780000)
  from space 8192K, 84% used [0x0000000786780000,0x0000000786e3df30,0x0000000786f80000)
  to   space 8704K, 0% used [0x0000000788980000,0x0000000788980000,0x0000000789200000)
 ParOldGen       total 75776K, used 6578K [0x0000000701a00000, 0x0000000706400000, 0x0000000780900000)
  object space 75776K, 8% used [0x0000000701a00000,0x000000070206c810,0x0000000706400000)
 Metaspace       used 33584K, capacity 35380K, committed 35456K, reserved 1079296K
  class space    used 4573K, capacity 4944K, committed 4992K, reserved 1048576K
Event: 6.172 GC heap after
Heap after GC invocations=7 (full 1):
 PSYoungGen      total 130560K, used 8691K [0x0000000780900000, 0x000000078ac80000, 0x00000007c0000000)
  eden space 121856K, 0% used [0x0000000780900000,0x0000000780900000,0x0000000788000000)
  from space 8704K, 99% used [0x0000000788980000,0x00000007891fcfa8,0x0000000789200000)
  to   space 9728K, 0% used [0x0000000788000000,0x0000000788000000,0x0000000788980000)
 ParOldGen       total 75776K, used 7138K [0x0000000701a00000, 0x0000000706400000, 0x0000000780900000)
  object space 75776K, 9% used [0x0000000701a00000,0x00000007020f8a48,0x0000000706400000)
 Metaspace       used 33584K, capacity 35380K, committed 35456K, reserved 1079296K
  class space    used 4573K, capacity 4944K, committed 4992K, reserved 1048576K
}
Event: 6.172 GC heap before
{Heap before GC invocations=8 (full 2):
 PSYoungGen      total 130560K, used 8691K [0x0000000780900000, 0x000000078ac80000, 0x00000007c0000000)
  eden space 121856K, 0% used [0x0000000780900000,0x0000000780900000,0x0000000788000000)
  from space 8704K, 99% used [0x0000000788980000,0x00000007891fcfa8,0x0000000789200000)
  to   space 9728K, 0% used [0x0000000788000000,0x0000000788000000,0x0000000788980000)
 ParOldGen       total 75776K, used 7138K [0x0000000701a00000, 0x0000000706400000, 0x0000000780900000)
  object space 75776K, 9% used [0x0000000701a00000,0x00000007020f8a48,0x0000000706400000)
 Metaspace       used 33584K, capacity 35380K, committed 35456K, reserved 1079296K
  class space    used 4573K, capacity 4944K, committed 4992K, reserved 1048576K
Event: 6.249 GC heap after
Heap after GC invocations=8 (full 2):
 PSYoungGen      total 130560K, used 0K [0x0000000780900000, 0x000000078ac80000, 0x00000007c0000000)
  eden space 121856K, 0% used [0x0000000780900000,0x0000000780900000,0x0000000788000000)
  from space 8704K, 0% used [0x0000000788980000,0x0000000788980000,0x0000000789200000)
  to   space 9728K, 0% used [0x0000000788000000,0x0000000788000000,0x0000000788980000)
 ParOldGen       total 118272K, used 14213K [0x0000000701a00000, 0x0000000708d80000, 0x0000000780900000)
  object space 118272K, 12% used [0x0000000701a00000,0x00000007027e1518,0x0000000708d80000)
 Metaspace       used 33584K, capacity 35380K, committed 35456K, reserved 1079296K
  class space    used 4573K, capacity 4944K, committed 4992K, reserved 1048576K
}

